<?xml version="1.0" encoding="UTF-8"?>
<!-- Generated by org.testng.reporters.JUnitXMLReporter -->
<testsuite hostname="DESKTOP-3N0D4R6" failures="1" tests="1"
	name="test_Home_Page_Appear_Correct" time="14.489" errors="0"
	timestamp="11 Sep 2020 19:07:45 GMT">
	<testcase classname="tests.TestHomePage"
		name="test_Home_Page_Appear_Correct" time="0.024">
		<failure type="java.lang.AssertionError"
			message="expected [Find Jobs in Tech | Dice.com | Find Jobs in Tech] but found [Login | Salesforce]">
      <![CDATA[java.lang.AssertionError: expected [Find Jobs in Tech | Dice.com | Find Jobs in Tech] but found [Login | Salesforce]
	at tests.TestHomePage.test_Home_Page_Appear_Correct(TestHomePage.java:73)
	at utils.TestRunner.main(TestRunner.java:137)
... Removed 26 stack frames]]>
		</failure>
	</testcase> <!-- test_Home_Page_Appear_Correct -->
</testsuite> <!-- test_Home_Page_Appear_Correct -->
