<?xml version="1.0" encoding="UTF-8"?>
<!-- Generated by org.testng.reporters.JUnitXMLReporter -->
<testsuite hostname="DESKTOP-3N0D4R6" failures="2" tests="2" name="verifySalesUserAbleToViewProduct" time="57.08" errors="0" timestamp="4 Dec 2020 04:47:40 GMT">
  <testcase classname="tests.salesUser.SalesUserSmokeTests" name="testProxyLoginAsCustomSalesUser" time="0.016">
    <failure type="junit.framework.AssertionFailedError">
      <![CDATA[junit.framework.AssertionFailedError
	at junit.framework.Assert.fail(Assert.java:48)
	at junit.framework.Assert.assertTrue(Assert.java:20)
	at junit.framework.Assert.assertTrue(Assert.java:27)
	at tests.salesUser.SalesUserSmokeTests.testProxyLoginAsCustomSalesUser(SalesUserSmokeTests.java:215)
	at utils.TestRunner.main(TestRunner.java:104)
... Removed 21 stack frames]]>
    </failure>
  </testcase> <!-- testProxyLoginAsCustomSalesUser -->
  <testcase classname="tests.salesUser.SalesUserSmokeTests" name="verifySalesUserAbleToViewProducts" time="25.412">
    <failure type="junit.framework.AssertionFailedError">
      <![CDATA[junit.framework.AssertionFailedError
	at junit.framework.Assert.fail(Assert.java:48)
	at junit.framework.Assert.assertTrue(Assert.java:20)
	at junit.framework.Assert.assertTrue(Assert.java:27)
	at tests.salesUser.SalesUserSmokeTests.verifySalesUserAbleToViewProducts(SalesUserSmokeTests.java:285)
	at utils.TestRunner.main(TestRunner.java:104)
... Removed 21 stack frames]]>
    </failure>
  </testcase> <!-- verifySalesUserAbleToViewProducts -->
</testsuite> <!-- verifySalesUserAbleToViewProduct -->
