<?xml version="1.0" encoding="UTF-8"?>
<testng-results total="1" passed="1" failed="0" skipped="0">
  <reporter-output>
  </reporter-output>
  <suite started-at="2020-12-06T04:42:38Z" name="TestNgSeleniumSuite" finished-at="2020-12-06T04:43:35Z" duration-ms="57233">
    <groups>
    </groups>
    <test started-at="2020-12-06T04:42:38Z" name="verifySalesUserAbleToViewProducts" finished-at="2020-12-06T04:43:35Z" duration-ms="57233">
      <class name="tests.salesUser.SalesUserSmokeTests">
        <test-method is-config="true" signature="setup()[pri:0, instance:tests.salesUser.SalesUserSmokeTests@4ebea12c]" started-at="2020-12-05T20:42:38Z" name="setup" finished-at="2020-12-05T20:43:12Z" duration-ms="33999" status="PASS">
          <reporter-output>
          </reporter-output>
        </test-method> <!-- setup -->
        <test-method signature="verifySalesUserAbleToViewProducts()[pri:0, instance:tests.salesUser.SalesUserSmokeTests@4ebea12c]" started-at="2020-12-05T20:43:12Z" name="verifySalesUserAbleToViewProducts" finished-at="2020-12-05T20:43:34Z" duration-ms="22593" status="PASS">
          <reporter-output>
          </reporter-output>
        </test-method> <!-- verifySalesUserAbleToViewProducts -->
        <test-method is-config="true" signature="afterMethod(org.testng.ITestResult)[pri:0, instance:tests.salesUser.SalesUserSmokeTests@4ebea12c]" started-at="2020-12-05T20:43:34Z" name="afterMethod" finished-at="2020-12-05T20:43:34Z" duration-ms="1" status="PASS">
          <params>
            <param index="0">
              <value>
                <![CDATA[[TestResult name=verifySalesUserAbleToViewProducts status=SUCCESS method=SalesUserSmokeTests.verifySalesUserAbleToViewProducts()[pri:0, instance:tests.salesUser.SalesUserSmokeTests@4ebea12c] output={null}]]]>
              </value>
            </param>
          </params>
          <reporter-output>
          </reporter-output>
        </test-method> <!-- afterMethod -->
        <test-method is-config="true" signature="tearDown()[pri:0, instance:tests.salesUser.SalesUserSmokeTests@4ebea12c]" started-at="2020-12-05T20:43:34Z" name="tearDown" finished-at="2020-12-05T20:43:35Z" duration-ms="631" status="PASS">
          <reporter-output>
          </reporter-output>
        </test-method> <!-- tearDown -->
        <test-method is-config="true" signature="tearDownAfterSuite()[pri:0, instance:tests.salesUser.SalesUserSmokeTests@4ebea12c]" started-at="2020-12-05T20:43:35Z" name="tearDownAfterSuite" finished-at="2020-12-05T20:43:35Z" duration-ms="0" status="PASS">
          <reporter-output>
          </reporter-output>
        </test-method> <!-- tearDownAfterSuite -->
      </class> <!-- tests.salesUser.SalesUserSmokeTests -->
    </test> <!-- verifySalesUserAbleToViewProducts -->
  </suite> <!-- TestNgSeleniumSuite -->
</testng-results>
